<?xml version="1.0" encoding="UTF-8"?>
<testsuites>
  <testsuite name="/Users/andrevanzuydam/IdeaProjects/tina4php-odbc/tests" tests="5" assertions="6" errors="0" warnings="0" failures="0" skipped="0" time="0.503837">
    <testsuite name="DataODBCTest" file="/Users/andrevanzuydam/IdeaProjects/tina4php-odbc/tests/DataODBCTest.php" tests="5" assertions="6" errors="0" warnings="0" failures="0" skipped="0" time="0.503837">
      <testcase name="testOpen" class="DataODBCTest" classname="DataODBCTest" file="/Users/andrevanzuydam/IdeaProjects/tina4php-odbc/tests/DataODBCTest.php" line="23" assertions="1" time="0.121412"/>
      <testcase name="testGetDatabase" class="DataODBCTest" classname="DataODBCTest" file="/Users/andrevanzuydam/IdeaProjects/tina4php-odbc/tests/DataODBCTest.php" line="28" assertions="1" time="0.282852"/>
      <testcase name="testTableExists" class="DataODBCTest" classname="DataODBCTest" file="/Users/andrevanzuydam/IdeaProjects/tina4php-odbc/tests/DataODBCTest.php" line="34" assertions="2" time="0.013018"/>
      <testcase name="testDropCreateTable" class="DataODBCTest" classname="DataODBCTest" file="/Users/andrevanzuydam/IdeaProjects/tina4php-odbc/tests/DataODBCTest.php" line="42" assertions="1" time="0.057949"/>
      <testcase name="testRead" class="DataODBCTest" classname="DataODBCTest" file="/Users/andrevanzuydam/IdeaProjects/tina4php-odbc/tests/DataODBCTest.php" line="52" assertions="1" time="0.028606"/>
    </testsuite>
  </testsuite>
</testsuites>
